[2025-11-26 14:24:24] [INFO] FitMatch System - Logging initialized - fitmatch_system.log
[2025-11-26 14:24:24] [INFO] Application - FitMatch system started
[2025-11-26 14:25:16] [INFO] Application - FitMatch system shutdown
[2025-11-26 14:25:16] [INFO] TeamBuilder - Shutdown complete
[2025-11-26 14:26:11] [INFO] FitMatch System - Logging initialized - fitmatch_system.log
[2025-11-26 14:26:11] [INFO] Application - FitMatch system started
[2025-11-26 14:27:18] [INFO] com.fitmatch.util.CSVDataHandler - Loading from file system: participants_sample.csv
[2025-11-26 14:27:18] [FINE] com.fitmatch.util.CSVDataHandler - Parsed participant: Participant_1
[2025-11-26 14:27:18] [FINE] com.fitmatch.util.CSVDataHandler - Parsed participant: Participant_2
[2025-11-26 14:27:18] [FINE] com.fitmatch.util.CSVDataHandler - Parsed participant: Participant_3
[2025-11-26 14:27:18] [FINE] com.fitmatch.util.CSVDataHandler - Parsed participant: Participant_4
[2025-11-26 14:27:18] [FINE] com.fitmatch.util.CSVDataHandler - Parsed participant: Participant_5
[2025-11-26 14:27:18] [FINE] com.fitmatch.util.CSVDataHandler - Parsed participant: Participant_6
[2025-11-26 14:27:18] [FINE] com.fitmatch.util.CSVDataHandler - Parsed participant: Participant_7
[2025-11-26 14:27:18] [FINE] com.fitmatch.util.CSVDataHandler - Parsed participant: Participant_8
[2025-11-26 14:27:18] [FINE] com.fitmatch.util.CSVDataHandler - Parsed participant: Participant_9
[2025-11-26 14:27:18] [FINE] com.fitmatch.util.CSVDataHandler - Parsed participant: Participant_10
[2025-11-26 14:27:18] [FINE] com.fitmatch.util.CSVDataHandler - Parsed participant: Participant_11
[2025-11-26 14:27:18] [FINE] com.fitmatch.util.CSVDataHandler - Parsed participant: Participant_12
[2025-11-26 14:27:18] [FINE] com.fitmatch.util.CSVDataHandler - Parsed participant: Participant_13
[2025-11-26 14:27:18] [FINE] com.fitmatch.util.CSVDataHandler - Parsed participant: Participant_14
[2025-11-26 14:27:18] [FINE] com.fitmatch.util.CSVDataHandler - Parsed participant: Participant_15
[2025-11-26 14:27:18] [FINE] com.fitmatch.util.CSVDataHandler - Parsed participant: Participant_16
[2025-11-26 14:27:18] [FINE] com.fitmatch.util.CSVDataHandler - Parsed participant: Participant_17
[2025-11-26 14:27:18] [FINE] com.fitmatch.util.CSVDataHandler - Parsed participant: Participant_18
[2025-11-26 14:27:18] [FINE] com.fitmatch.util.CSVDataHandler - Parsed participant: Participant_19
[2025-11-26 14:27:18] [FINE] com.fitmatch.util.CSVDataHandler - Parsed participant: Participant_20
[2025-11-26 14:27:18] [FINE] com.fitmatch.util.CSVDataHandler - Parsed participant: Participant_21
[2025-11-26 14:27:18] [FINE] com.fitmatch.util.CSVDataHandler - Parsed participant: Participant_22
[2025-11-26 14:27:18] [FINE] com.fitmatch.util.CSVDataHandler - Parsed participant: Participant_23
[2025-11-26 14:27:18] [FINE] com.fitmatch.util.CSVDataHandler - Parsed participant: Participant_24
[2025-11-26 14:27:18] [FINE] com.fitmatch.util.CSVDataHandler - Parsed participant: Participant_25
[2025-11-26 14:27:18] [FINE] com.fitmatch.util.CSVDataHandler - Parsed participant: Participant_26
[2025-11-26 14:27:18] [FINE] com.fitmatch.util.CSVDataHandler - Parsed participant: Participant_27
[2025-11-26 14:27:18] [FINE] com.fitmatch.util.CSVDataHandler - Parsed participant: Participant_28
[2025-11-26 14:27:18] [FINE] com.fitmatch.util.CSVDataHandler - Parsed participant: Participant_29
[2025-11-26 14:27:18] [FINE] com.fitmatch.util.CSVDataHandler - Parsed participant: Participant_30
[2025-11-26 14:27:18] [FINE] com.fitmatch.util.CSVDataHandler - Parsed participant: Participant_31
[2025-11-26 14:27:18] [FINE] com.fitmatch.util.CSVDataHandler - Parsed participant: Participant_32
[2025-11-26 14:27:18] [FINE] com.fitmatch.util.CSVDataHandler - Parsed participant: Participant_33
[2025-11-26 14:27:18] [FINE] com.fitmatch.util.CSVDataHandler - Parsed participant: Participant_34
[2025-11-26 14:27:18] [FINE] com.fitmatch.util.CSVDataHandler - Parsed participant: Participant_35
[2025-11-26 14:27:18] [FINE] com.fitmatch.util.CSVDataHandler - Parsed participant: Participant_36
[2025-11-26 14:27:18] [FINE] com.fitmatch.util.CSVDataHandler - Parsed participant: Participant_37
[2025-11-26 14:27:18] [FINE] com.fitmatch.util.CSVDataHandler - Parsed participant: Participant_38
[2025-11-26 14:27:18] [FINE] com.fitmatch.util.CSVDataHandler - Parsed participant: Participant_39
[2025-11-26 14:27:18] [FINE] com.fitmatch.util.CSVDataHandler - Parsed participant: Participant_40
[2025-11-26 14:27:18] [FINE] com.fitmatch.util.CSVDataHandler - Parsed participant: Participant_41
[2025-11-26 14:27:18] [FINE] com.fitmatch.util.CSVDataHandler - Parsed participant: Participant_42
[2025-11-26 14:27:18] [FINE] com.fitmatch.util.CSVDataHandler - Parsed participant: Participant_43
[2025-11-26 14:27:18] [FINE] com.fitmatch.util.CSVDataHandler - Parsed participant: Participant_44
[2025-11-26 14:27:18] [FINE] com.fitmatch.util.CSVDataHandler - Parsed participant: Participant_45
[2025-11-26 14:27:18] [FINE] com.fitmatch.util.CSVDataHandler - Parsed participant: Participant_46
[2025-11-26 14:27:18] [FINE] com.fitmatch.util.CSVDataHandler - Parsed participant: Participant_47
[2025-11-26 14:27:18] [FINE] com.fitmatch.util.CSVDataHandler - Parsed participant: Participant_48
[2025-11-26 14:27:18] [FINE] com.fitmatch.util.CSVDataHandler - Parsed participant: Participant_49
[2025-11-26 14:27:18] [FINE] com.fitmatch.util.CSVDataHandler - Parsed participant: Participant_50
[2025-11-26 14:27:18] [FINE] com.fitmatch.util.CSVDataHandler - Parsed participant: Participant_51
[2025-11-26 14:27:18] [FINE] com.fitmatch.util.CSVDataHandler - Parsed participant: Participant_52
[2025-11-26 14:27:18] [FINE] com.fitmatch.util.CSVDataHandler - Parsed participant: Participant_53
[2025-11-26 14:27:18] [FINE] com.fitmatch.util.CSVDataHandler - Parsed participant: Participant_54
[2025-11-26 14:27:18] [FINE] com.fitmatch.util.CSVDataHandler - Parsed participant: Participant_55
[2025-11-26 14:27:18] [FINE] com.fitmatch.util.CSVDataHandler - Parsed participant: Participant_56
[2025-11-26 14:27:18] [FINE] com.fitmatch.util.CSVDataHandler - Parsed participant: Participant_57
[2025-11-26 14:27:18] [FINE] com.fitmatch.util.CSVDataHandler - Parsed participant: Participant_58
[2025-11-26 14:27:18] [FINE] com.fitmatch.util.CSVDataHandler - Parsed participant: Participant_59
[2025-11-26 14:27:18] [FINE] com.fitmatch.util.CSVDataHandler - Parsed participant: Participant_60
[2025-11-26 14:27:18] [FINE] com.fitmatch.util.CSVDataHandler - Parsed participant: Participant_61
[2025-11-26 14:27:18] [FINE] com.fitmatch.util.CSVDataHandler - Parsed participant: Participant_62
[2025-11-26 14:27:18] [FINE] com.fitmatch.util.CSVDataHandler - Parsed participant: Participant_63
[2025-11-26 14:27:18] [FINE] com.fitmatch.util.CSVDataHandler - Parsed participant: Participant_64
[2025-11-26 14:27:18] [FINE] com.fitmatch.util.CSVDataHandler - Parsed participant: Participant_65
[2025-11-26 14:27:18] [FINE] com.fitmatch.util.CSVDataHandler - Parsed participant: Participant_66
[2025-11-26 14:27:18] [FINE] com.fitmatch.util.CSVDataHandler - Parsed participant: Participant_67
[2025-11-26 14:27:18] [FINE] com.fitmatch.util.CSVDataHandler - Parsed participant: Participant_68
[2025-11-26 14:27:18] [FINE] com.fitmatch.util.CSVDataHandler - Parsed participant: Participant_69
[2025-11-26 14:27:18] [FINE] com.fitmatch.util.CSVDataHandler - Parsed participant: Participant_70
[2025-11-26 14:27:18] [FINE] com.fitmatch.util.CSVDataHandler - Parsed participant: Participant_71
[2025-11-26 14:27:18] [FINE] com.fitmatch.util.CSVDataHandler - Parsed participant: Participant_72
[2025-11-26 14:27:18] [FINE] com.fitmatch.util.CSVDataHandler - Parsed participant: Participant_73
[2025-11-26 14:27:18] [FINE] com.fitmatch.util.CSVDataHandler - Parsed participant: Participant_74
[2025-11-26 14:27:18] [FINE] com.fitmatch.util.CSVDataHandler - Parsed participant: Participant_75
[2025-11-26 14:27:18] [FINE] com.fitmatch.util.CSVDataHandler - Parsed participant: Participant_76
[2025-11-26 14:27:18] [FINE] com.fitmatch.util.CSVDataHandler - Parsed participant: Participant_77
[2025-11-26 14:27:18] [FINE] com.fitmatch.util.CSVDataHandler - Parsed participant: Participant_78
[2025-11-26 14:27:18] [FINE] com.fitmatch.util.CSVDataHandler - Parsed participant: Participant_79
[2025-11-26 14:27:18] [FINE] com.fitmatch.util.CSVDataHandler - Parsed participant: Participant_80
[2025-11-26 14:27:18] [FINE] com.fitmatch.util.CSVDataHandler - Parsed participant: Participant_81
[2025-11-26 14:27:18] [FINE] com.fitmatch.util.CSVDataHandler - Parsed participant: Participant_82
[2025-11-26 14:27:18] [FINE] com.fitmatch.util.CSVDataHandler - Parsed participant: Participant_83
[2025-11-26 14:27:18] [FINE] com.fitmatch.util.CSVDataHandler - Parsed participant: Participant_84
[2025-11-26 14:27:18] [FINE] com.fitmatch.util.CSVDataHandler - Parsed participant: Participant_85
[2025-11-26 14:27:18] [FINE] com.fitmatch.util.CSVDataHandler - Parsed participant: Participant_86
[2025-11-26 14:27:18] [FINE] com.fitmatch.util.CSVDataHandler - Parsed participant: Participant_87
[2025-11-26 14:27:18] [FINE] com.fitmatch.util.CSVDataHandler - Parsed participant: Participant_88
[2025-11-26 14:27:18] [FINE] com.fitmatch.util.CSVDataHandler - Parsed participant: Participant_89
[2025-11-26 14:27:18] [FINE] com.fitmatch.util.CSVDataHandler - Parsed participant: Participant_90
[2025-11-26 14:27:18] [FINE] com.fitmatch.util.CSVDataHandler - Parsed participant: Participant_91
[2025-11-26 14:27:18] [FINE] com.fitmatch.util.CSVDataHandler - Parsed participant: Participant_92
[2025-11-26 14:27:18] [FINE] com.fitmatch.util.CSVDataHandler - Parsed participant: Participant_93
[2025-11-26 14:27:18] [FINE] com.fitmatch.util.CSVDataHandler - Parsed participant: Participant_94
[2025-11-26 14:27:18] [FINE] com.fitmatch.util.CSVDataHandler - Parsed participant: Participant_95
[2025-11-26 14:27:18] [FINE] com.fitmatch.util.CSVDataHandler - Parsed participant: Participant_96
[2025-11-26 14:27:18] [FINE] com.fitmatch.util.CSVDataHandler - Parsed participant: Participant_97
[2025-11-26 14:27:18] [FINE] com.fitmatch.util.CSVDataHandler - Parsed participant: Participant_98
[2025-11-26 14:27:18] [FINE] com.fitmatch.util.CSVDataHandler - Parsed participant: Participant_99
[2025-11-26 14:27:18] [FINE] com.fitmatch.util.CSVDataHandler - Parsed participant: Participant_100
[2025-11-26 14:27:18] [INFO] com.fitmatch.util.CSVDataHandler - Successfully loaded 100 participants
[2025-11-26 14:27:18] [INFO] Application - Loaded 100 participants
[2025-11-26 14:27:45] [INFO] Application - FitMatch system shutdown
[2025-11-26 14:27:45] [INFO] TeamBuilder - Shutdown complete
